GET /test 135.558 ms
DATE: Monday, August 9, 2021
HTTP STATUS CODE: 200

GET /test 2.988 ms
DATE: Monday, August 9, 2021
HTTP STATUS CODE: 200

GET /test 2133.384 ms
DATE: Tuesday, August 10, 2021
HTTP STATUS CODE: 200

GET /test 121.823 ms
DATE: Tuesday, August 10, 2021
HTTP STATUS CODE: 200

GET /test 211.780 ms
DATE: Tuesday, August 10, 2021
HTTP STATUS CODE: 200

GET /test 3.473 ms
DATE: Tuesday, August 10, 2021
HTTP STATUS CODE: 200

GET /test2 236.385 ms
DATE: Tuesday, August 10, 2021
HTTP STATUS CODE: 200

GET /test2 250.811 ms
DATE: Tuesday, August 10, 2021
HTTP STATUS CODE: 200

GET /test2 234.851 ms
DATE: Tuesday, August 10, 2021
HTTP STATUS CODE: 200

GET /test 192.256 ms
DATE: Tuesday, August 10, 2021
HTTP STATUS CODE: 200

POST /register - ms
DATE: Tuesday, August 10, 2021
HTTP STATUS CODE: -

POST /register - ms
DATE: Tuesday, August 10, 2021
HTTP STATUS CODE: -

POST /register 227.679 ms
DATE: Tuesday, August 10, 2021
HTTP STATUS CODE: 200

POST /register 150.844 ms
DATE: Tuesday, August 10, 2021
HTTP STATUS CODE: 200

POST /register 198.032 ms
DATE: Tuesday, August 10, 2021
HTTP STATUS CODE: 200

POST /register 214.256 ms
DATE: Tuesday, August 10, 2021
HTTP STATUS CODE: 200

POST /register 162.753 ms
DATE: Tuesday, August 10, 2021
HTTP STATUS CODE: 200

POST /register 212.094 ms
DATE: Tuesday, August 10, 2021
HTTP STATUS CODE: 200

POST /login 167.431 ms
DATE: Tuesday, August 10, 2021
HTTP STATUS CODE: 200

POST /login 134.451 ms
DATE: Tuesday, August 10, 2021
HTTP STATUS CODE: 200

POST /login 138.656 ms
DATE: Tuesday, August 10, 2021
HTTP STATUS CODE: 200

POST /login 132.956 ms
DATE: Tuesday, August 10, 2021
HTTP STATUS CODE: 200

POST /login 183.074 ms
DATE: Tuesday, August 10, 2021
HTTP STATUS CODE: 200

POST /login 219.205 ms
DATE: Tuesday, August 10, 2021
HTTP STATUS CODE: 200

POST /login 207.586 ms
DATE: Tuesday, August 10, 2021
HTTP STATUS CODE: 200

POST /login 272.959 ms
DATE: Tuesday, August 10, 2021
HTTP STATUS CODE: 200

POST /login 260.962 ms
DATE: Tuesday, August 10, 2021
HTTP STATUS CODE: 200

POST /login 293.449 ms
DATE: Tuesday, August 10, 2021
HTTP STATUS CODE: 200

POST /login 276.207 ms
DATE: Tuesday, August 10, 2021
HTTP STATUS CODE: 200

POST /login 263.116 ms
DATE: Tuesday, August 10, 2021
HTTP STATUS CODE: 200

POST /login 213.419 ms
DATE: Tuesday, August 10, 2021
HTTP STATUS CODE: 200

POST /login 3.294 ms
DATE: Tuesday, August 10, 2021
HTTP STATUS CODE: 200

POST /login 181.823 ms
DATE: Tuesday, August 10, 2021
HTTP STATUS CODE: 200

POST /login 71.932 ms
DATE: Tuesday, August 10, 2021
HTTP STATUS CODE: 200

POST /requestpass_email 249.604 ms
DATE: Tuesday, August 10, 2021
HTTP STATUS CODE: 200

POST /requestpass_email 184.392 ms
DATE: Tuesday, August 10, 2021
HTTP STATUS CODE: 200

POST /requestpass_email 143.977 ms
DATE: Tuesday, August 10, 2021
HTTP STATUS CODE: 200

POST /requestpass_email 3.418 ms
DATE: Tuesday, August 10, 2021
HTTP STATUS CODE: 200

POST /requestpass_email 197.582 ms
DATE: Tuesday, August 10, 2021
HTTP STATUS CODE: 200

POST /requestpass_email 159.663 ms
DATE: Tuesday, August 10, 2021
HTTP STATUS CODE: 200

POST /requestpass_email 1307.375 ms
DATE: Tuesday, August 10, 2021
HTTP STATUS CODE: 200

POST /requestpass_email 3494.704 ms
DATE: Tuesday, August 10, 2021
HTTP STATUS CODE: 200

POST /requestpass_email 2558.086 ms
DATE: Tuesday, August 10, 2021
HTTP STATUS CODE: 200

POST /requestpass_email - ms
DATE: Tuesday, August 10, 2021
HTTP STATUS CODE: -

POST /requestpass_email 208.300 ms
DATE: Tuesday, August 10, 2021
HTTP STATUS CODE: 200

POST /requestpass_email 230.207 ms
DATE: Tuesday, August 10, 2021
HTTP STATUS CODE: 200

POST /requestpass_email 5.149 ms
DATE: Tuesday, August 10, 2021
HTTP STATUS CODE: 200

POST /requestpass_email 3006.122 ms
DATE: Tuesday, August 10, 2021
HTTP STATUS CODE: 200

POST /requestpass_email - ms
DATE: Tuesday, August 10, 2021
HTTP STATUS CODE: -

POST /requestpass_email 2591.269 ms
DATE: Tuesday, August 10, 2021
HTTP STATUS CODE: 200

POST /requestpass_email 2878.477 ms
DATE: Tuesday, August 10, 2021
HTTP STATUS CODE: 200

POST /requestpass_email 161.970 ms
DATE: Tuesday, August 10, 2021
HTTP STATUS CODE: 200

POST /requestpass_email 2569.853 ms
DATE: Tuesday, August 10, 2021
HTTP STATUS CODE: 200

POST /requestpass_email 2814.833 ms
DATE: Tuesday, August 10, 2021
HTTP STATUS CODE: 200

POST /requestpass_email 2488.744 ms
DATE: Tuesday, August 10, 2021
HTTP STATUS CODE: 200

POST /requestpass_email 2714.882 ms
DATE: Tuesday, August 10, 2021
HTTP STATUS CODE: 200

POST /requestpass_email 2851.862 ms
DATE: Tuesday, August 10, 2021
HTTP STATUS CODE: 200

POST /requestpass_email 2607.018 ms
DATE: Tuesday, August 10, 2021
HTTP STATUS CODE: 200

POST /requestpass_email 212.070 ms
DATE: Tuesday, August 10, 2021
HTTP STATUS CODE: 200

POST /requestpass_email 161.764 ms
DATE: Tuesday, August 10, 2021
HTTP STATUS CODE: 200

POST /requestpass_email 225.570 ms
DATE: Tuesday, August 10, 2021
HTTP STATUS CODE: 200

POST /requestpass_email 3315.974 ms
DATE: Tuesday, August 10, 2021
HTTP STATUS CODE: 200

POST /sms 16.519 ms
DATE: Tuesday, August 10, 2021
HTTP STATUS CODE: 404

POST /requestpass_sms 191.568 ms
DATE: Tuesday, August 10, 2021
HTTP STATUS CODE: 200

POST /requestpass_sms 142.630 ms
DATE: Tuesday, August 10, 2021
HTTP STATUS CODE: 200

POST /requestpass_sms 449.093 ms
DATE: Tuesday, August 10, 2021
HTTP STATUS CODE: 200

POST /requestpass_sms 500.178 ms
DATE: Tuesday, August 10, 2021
HTTP STATUS CODE: 200

POST /requestpass_sms 107.174 ms
DATE: Tuesday, August 10, 2021
HTTP STATUS CODE: 200

POST /requestpass_email 383.095 ms
DATE: Tuesday, August 10, 2021
HTTP STATUS CODE: 200

POST /requestpass_email 3326.382 ms
DATE: Tuesday, August 10, 2021
HTTP STATUS CODE: 200

POST /resetpass 140.318 ms
DATE: Tuesday, August 10, 2021
HTTP STATUS CODE: 200

POST /resetpass 237.579 ms
DATE: Tuesday, August 10, 2021
HTTP STATUS CODE: 200

POST /resetpass 186.933 ms
DATE: Tuesday, August 10, 2021
HTTP STATUS CODE: 200

POST /resetpass 227.181 ms
DATE: Tuesday, August 10, 2021
HTTP STATUS CODE: 200

POST /resetpass 169.227 ms
DATE: Tuesday, August 10, 2021
HTTP STATUS CODE: 200

POST /resetpass 138.734 ms
DATE: Tuesday, August 10, 2021
HTTP STATUS CODE: 200

POST /resetpass 143.567 ms
DATE: Tuesday, August 10, 2021
HTTP STATUS CODE: 200

POST /resetpass 148.305 ms
DATE: Tuesday, August 10, 2021
HTTP STATUS CODE: 200

POST /resetpass 188.385 ms
DATE: Tuesday, August 10, 2021
HTTP STATUS CODE: 200

POST /resetpass 226.630 ms
DATE: Tuesday, August 10, 2021
HTTP STATUS CODE: 200

POST /login 88.428 ms
DATE: Tuesday, August 10, 2021
HTTP STATUS CODE: 200

POST /login 183.099 ms
DATE: Tuesday, August 10, 2021
HTTP STATUS CODE: 200

POST /resetpass 201.573 ms
DATE: Tuesday, August 10, 2021
HTTP STATUS CODE: 200

POST /login 210.443 ms
DATE: Tuesday, August 10, 2021
HTTP STATUS CODE: 200

POST /login 3.434 ms
DATE: Tuesday, August 10, 2021
HTTP STATUS CODE: 200

POST /login 223.023 ms
DATE: Tuesday, August 10, 2021
HTTP STATUS CODE: 200

POST /login 222.590 ms
DATE: Tuesday, August 10, 2021
HTTP STATUS CODE: 200

POST /resetpass 281.049 ms
DATE: Tuesday, August 10, 2021
HTTP STATUS CODE: 200

POST /resetpass 22.743 ms
DATE: Tuesday, August 10, 2021
HTTP STATUS CODE: 200

POST /resetpass 155.506 ms
DATE: Tuesday, August 10, 2021
HTTP STATUS CODE: 200

POST /resetpass 226.447 ms
DATE: Tuesday, August 10, 2021
HTTP STATUS CODE: 200

POST /login 268.640 ms
DATE: Tuesday, August 10, 2021
HTTP STATUS CODE: 200

POST /login 71.598 ms
DATE: Tuesday, August 10, 2021
HTTP STATUS CODE: 200

